2025-09-14T14:05:04.966530+00:00 [cyan]OPEN ETH dir=long qty=0.866101 @ 4615.46 notional=$3,997.45 SL=4500 TGTS=[4650.0, 4750.0][/]
2025-09-14T14:05:04.966530+00:00 [cyan]OPEN WLFI dir=long qty=7289.69 @ 0.2134 notional=$1,555.62 SL=0.205166 TGTS=[0.2202619107, 0.2271238214][/]
2025-09-14T14:05:04.966530+00:00 [cyan]OPEN DOGE dir=long qty=5246.37 @ 0.28254 notional=$1,482.31 SL=0.274064 TGTS=[0.3, 0.35][/]
2025-09-14T14:05:04.966530+00:00 [cyan]OPEN TRX dir=long qty=2837.23 @ 0.3483 notional=$988.21 SL=0.337851 TGTS=[0.4, 0.45][/]
2025-09-14T14:05:04.966530+00:00 [cyan]OPEN AVAX dir=long qty=29.0649 @ 29.33 notional=$852.47 SL=28.65 TGTS=[30.05, 30.95][/]
2025-09-14T14:11:47.166299+00:00 [yellow]REPLACE WLFI (score 56.1) -> XRP (score 66.0)[/]
2025-09-14T14:11:47.166299+00:00 [cyan]OPEN XRP dir=long qty=605.31 @ 3.0444 notional=$1,842.81 SL=3 TGTS=[3.15, 3.25][/]
2025-09-14T14:25:09.109290+00:00 [yellow]REPLACE XRP (score 57.0) -> WLFI (score 65.1)[/]
2025-09-14T14:25:09.109290+00:00 [cyan]OPEN WLFI dir=long qty=3210.4 @ 0.2124 notional=$681.89 SL=0.204063 TGTS=[0.22, 0.23][/]
2025-09-14T14:53:39.505871+00:00 [blue]TRAIL ETH -> SL 4537.99[/]
2025-09-14T14:53:39.505871+00:00 [red]CLOSE_INV ETH @ 4592.11 (RSI<40)[/]
2025-09-14T14:53:39.505871+00:00 [red]CLOSE_INV DOGE @ 0.27507 (RSI<40)[/]
2025-09-14T14:53:39.505871+00:00 [blue]TRAIL TRX -> SL 0.34506[/]
2025-09-14T14:53:39.505871+00:00 [red]CLOSE_INV TRX @ 0.3472 (RSI<40)[/]
2025-09-14T14:53:39.505871+00:00 [red]CLOSE_INV AVAX @ 29.01 (RSI<40)[/]
2025-09-14T15:02:44.878265+00:00 [cyan]OPEN WETH style=swing dir=long qty=1.00378 @ 4604.25 notional=$4,621.64 SL=4512.17 TGTS=[4800.0, 5200.0, 5600.0][/]
2025-09-14T15:02:44.878265+00:00 [cyan]OPEN SUI style=None dir=long qty=631.803 @ 3.6575 notional=$2,310.82 SL=3.58435 TGTS=[3.725, 3.85][/]
2025-09-14T15:02:44.878265+00:00 [cyan]OPEN BTC style=swing dir=long qty=0.0100113 @ 115411 notional=$1,155.41 SL=113102 TGTS=[120000.0, 125000.0, 130000.0][/]
2025-09-14T15:12:25.474220+00:00 [red]CLOSE_INV SUI @ 3.6499 (RSI<40)[/]
2025-09-14T15:12:25.474220+00:00 [blue]TRAIL BTC -> SL 114833[/]
2025-09-14T15:12:25.474220+00:00 [red]CLOSE_INV BTC @ 115350 (RSI<40)[/]
2025-09-14T15:12:25.474220+00:00 [cyan]OPEN ETH style=swing dir=long qty=0.503363 @ 4585.39 notional=$2,308.12 SL=4493.68 TGTS=[4685.0, 4785.0, 4885.0][/]
2025-09-14T15:21:20.093888+00:00 [blue]TRAIL ETH -> SL 4541.25[/]
2025-09-14T15:21:20.093888+00:00 [red]CLOSE_INV ETH @ 4594.78 (RSI<40)[/]
2025-09-14T15:31:01.267365+00:00 [cyan]OPEN BNB style=swing dir=long qty=2.49297 @ 926.8 notional=$2,310.48 SL=908.264 TGTS=[954.8, 970.1][/]
2025-09-14T15:31:01.267365+00:00 [cyan]OPEN ETH style=None dir=long qty=0.251893 @ 4586.23 notional=$1,155.24 SL=4494.51 TGTS=[4605.0, 4650.0, 4700.0][/]
2025-09-14T15:31:01.267365+00:00 [cyan]OPEN GT style=None dir=short qty=29.1974 @ 17.1981 notional=$502.14 SL=17.5938 TGTS=[16.85, 17.05][/]
2025-09-14T15:39:53.549528+00:00 [blue]TRAIL BNB -> SL 917.789[/]
2025-09-14T15:39:53.549528+00:00 [blue]TRAIL ETH -> SL 4539.91[/]
2025-09-14T15:39:53.549528+00:00 [red]CLOSE_INV ETH @ 4594.24 (RSI<40)[/]
2025-09-14T15:39:53.549528+00:00 [red]STOP GT @ 17.1981[/]
2025-09-14T15:39:53.549528+00:00 [cyan]OPEN DOGE style=None dir=long qty=4200.42 @ 0.27527 notional=$1,156.25 SL=0.269765 TGTS=[0.294, 0.32][/]
2025-09-14T15:39:53.549528+00:00 [cyan]OPEN ETH style=swing dir=long qty=0.125859 @ 4593.44 notional=$578.12 SL=4501.57 TGTS=[4635.0, 4665.0, 4695.0][/]
2025-09-14T15:39:53.549528+00:00 [cyan]OPEN BTC style=None dir=long qty=0.00250585 @ 115355 notional=$289.06 SL=113048 TGTS=[122500.0, 125000.0, 127500.0][/]
2025-09-14T15:56:45.031211+00:00 [red]CLOSE_INV DOGE @ 0.27306 (RSI<40)[/]
2025-09-14T15:56:45.031211+00:00 [blue]TRAIL ETH -> SL 4526.54[/]
2025-09-14T15:56:45.031211+00:00 [red]CLOSE_INV ETH @ 4580.07 (RSI<40)[/]
2025-09-14T15:56:45.031211+00:00 [blue]TRAIL BTC -> SL 114695[/]
2025-09-14T15:56:45.031211+00:00 [red]CLOSE_INV BTC @ 115217 (bearish candle; RSI<40)[/]
2025-09-14T15:56:45.031211+00:00 [cyan]OPEN XRP style=None dir=long qty=379.709 @ 3.0302 notional=$1,150.59 SL=2.9696 TGTS=[3.0432, 3.0618, 3.0805][/]
